<?xml version="1.0" encoding="UTF-8" ?>
<testsuite errors="1" failures="0" hostname="dhcp-egnb07-211-138.France.Sun.COM" name="com.sun.jersey.impl.container.filter.CachedEntityFilterTest" tests="2" time="14.57" timestamp="2009-07-16T10:06:26">
  <properties>
[...]
</properties>
  <testcase classname="com.sun.jersey.impl.container.filter.CachedEntityFilterTest" name="testCachedEntity" time="2.902" />
  <testcase classname="com.sun.jersey.impl.container.filter.CachedEntityFilterTest" name="testBadType" time="11.585">
    <error message="Exception obtaining parameters" type="com.sun.jersey.api.container.ContainerException">com.sun.jersey.api.container.ContainerException: Exception obtaining parameters
	at com.sun.jersey.server.impl.inject.InjectableValuesProvider.getInjectableValues(InjectableValuesProvider.java:51)
	at com.sun.jersey.server.impl.model.method.dispatch.AbstractResourceMethodDispatchProvider$EntityParamInInvoker.getParams(AbstractResourceMethodDispatchProvider.java:126)
	at com.sun.jersey.server.impl.model.method.dispatch.AbstractResourceMethodDispatchProvider$TypeOutInvoker._dispatch(AbstractResourceMethodDispatchProvider.java:154)
	at com.sun.jersey.server.impl.model.method.dispatch.ResourceJavaMethodDispatcher.dispatch(ResourceJavaMethodDispatcher.java:67)
	at com.sun.jersey.server.impl.uri.rules.HttpMethodRule.accept(HttpMethodRule.java:166)
	at com.sun.jersey.server.impl.uri.rules.RightHandPathRule.accept(RightHandPathRule.java:114)
	at com.sun.jersey.server.impl.uri.rules.ResourceClassRule.accept(ResourceClassRule.java:74)
	at com.sun.jersey.server.impl.uri.rules.RightHandPathRule.accept(RightHandPathRule.java:114)
	at com.sun.jersey.server.impl.uri.rules.RootResourceClassesRule.accept(RootResourceClassesRule.java:66)
	at com.sun.jersey.server.impl.application.WebApplicationImpl._handleRequest(WebApplicationImpl.java:709)
	at com.sun.jersey.server.impl.application.WebApplicationImpl.handleRequest(WebApplicationImpl.java:667)
	at com.sun.jersey.impl.TestResourceClientHandler.handle(TestResourceClientHandler.java:116)
	at com.sun.jersey.api.client.Client.handle(Client.java:454)
	at com.sun.jersey.api.client.WebResource.handle(WebResource.java:557)
	at com.sun.jersey.api.client.WebResource.access$300(WebResource.java:69)
	at com.sun.jersey.api.client.WebResource$Builder.post(WebResource.java:499)
	at com.sun.jersey.impl.container.filter.CachedEntityFilterTest.testBadType(CachedEntityFilterTest.java:119)
Caused by: java.lang.ClassCastException
	at java.lang.Class.cast(Class.java:2951)
	at com.sun.jersey.spi.container.CachedEntityContainerRequest.getEntity(CachedEntityContainerRequest.java:95)
	at com.sun.jersey.server.impl.model.method.dispatch.EntityParamDispatchProvider$EntityInjectable.getValue(EntityParamDispatchProvider.java:139)
	at com.sun.jersey.server.impl.inject.InjectableValuesProvider.getInjectableValues(InjectableValuesProvider.java:43)
</error>
  </testcase>
  <system-out><![CDATA[]]></system-out>
  <system-err><![CDATA[Jul 16, 2009 12:06:27 PM com.sun.jersey.server.impl.application.WebApplicationImpl initiate
INFO: Initiating Jersey application, version 'Jersey: 1.1.2-ea-SNAPSHOT 07/16/2009 11:55 AM'
Jul 16, 2009 12:06:29 PM com.sun.jersey.server.impl.application.WebApplicationImpl initiate
INFO: Initiating Jersey application, version 'Jersey: 1.1.2-ea-SNAPSHOT 07/16/2009 11:55 AM'
]]></system-err>
</testsuite>
