<?xml version="1.0" encoding="UTF-8" ?>
<testsuite errors="0" failures="0" hostname="dhcp-egnb07-211-138.France.Sun.COM" name="com.sun.jersey.impl.uri.UriBuilderTest" tests="43" time="0.38" timestamp="2009-06-26T11:30:14">
  <properties>
[...]
</properties>
  <testcase classname="com.sun.jersey.impl.uri.UriBuilderTest" name="testOpaqueUri" time="0.192" />
  <testcase classname="com.sun.jersey.impl.uri.UriBuilderTest" name="testOpaqueUriReplaceSchemeSpecificPart" time="0.0" />
  <testcase classname="com.sun.jersey.impl.uri.UriBuilderTest" name="testOpaqueReplaceUri" time="0.0" />
  <testcase classname="com.sun.jersey.impl.uri.UriBuilderTest" name="testReplaceScheme" time="0.0070" />
  <testcase classname="com.sun.jersey.impl.uri.UriBuilderTest" name="testReplaceSchemeSpecificPart" time="0.0" />
  <testcase classname="com.sun.jersey.impl.uri.UriBuilderTest" name="testReplaceUserInfo" time="0.0010" />
  <testcase classname="com.sun.jersey.impl.uri.UriBuilderTest" name="testReplaceHost" time="0.0" />
  <testcase classname="com.sun.jersey.impl.uri.UriBuilderTest" name="testReplacePort" time="0.0010" />
  <testcase classname="com.sun.jersey.impl.uri.UriBuilderTest" name="testReplacePath" time="0.0" />
  <testcase classname="com.sun.jersey.impl.uri.UriBuilderTest" name="testReplacePathNull" time="0.0010" />
  <testcase classname="com.sun.jersey.impl.uri.UriBuilderTest" name="testReplaceMatrix" time="0.0" />
  <testcase classname="com.sun.jersey.impl.uri.UriBuilderTest" name="testReplaceMatrixParams" time="0.0080" />
  <testcase classname="com.sun.jersey.impl.uri.UriBuilderTest" name="testReplaceMatrixParamsEmpty" time="0.0" />
  <testcase classname="com.sun.jersey.impl.uri.UriBuilderTest" name="testReplaceMatrixParamsEncoded" time="0.0" />
  <testcase classname="com.sun.jersey.impl.uri.UriBuilderTest" name="testReplaceQuery" time="0.0" />
  <testcase classname="com.sun.jersey.impl.uri.UriBuilderTest" name="testBuildEncodedQuery" time="0.011" />
  <testcase classname="com.sun.jersey.impl.uri.UriBuilderTest" name="testReplaceQueryParams" time="0.0010" />
  <testcase classname="com.sun.jersey.impl.uri.UriBuilderTest" name="testReplaceQueryParamsEmpty" time="0.0010" />
  <testcase classname="com.sun.jersey.impl.uri.UriBuilderTest" name="testReplaceQueryParamsEncoded" time="0.0" />
  <testcase classname="com.sun.jersey.impl.uri.UriBuilderTest" name="testReplaceFragment" time="0.0010" />
  <testcase classname="com.sun.jersey.impl.uri.UriBuilderTest" name="testReplaceUri" time="0.0" />
  <testcase classname="com.sun.jersey.impl.uri.UriBuilderTest" name="testSchemeSpecificPart" time="0.0" />
  <testcase classname="com.sun.jersey.impl.uri.UriBuilderTest" name="testAppendPath" time="0.0010" />
  <testcase classname="com.sun.jersey.impl.uri.UriBuilderTest" name="testAppendSegment" time="0.0" />
  <testcase classname="com.sun.jersey.impl.uri.UriBuilderTest" name="testRelativefromUri" time="0.0" />
  <testcase classname="com.sun.jersey.impl.uri.UriBuilderTest" name="testRelativefromPath" time="0.0" />
  <testcase classname="com.sun.jersey.impl.uri.UriBuilderTest" name="testAppendQueryParams" time="0.0" />
  <testcase classname="com.sun.jersey.impl.uri.UriBuilderTest" name="testAppendMatrixParams" time="0.0010" />
  <testcase classname="com.sun.jersey.impl.uri.UriBuilderTest" name="testAppendPathAndMatrixParams" time="0.0" />
  <testcase classname="com.sun.jersey.impl.uri.UriBuilderTest" name="testResourceAppendPath" time="0.04" />
  <testcase classname="com.sun.jersey.impl.uri.UriBuilderTest" name="testResourceWithTemplateAppendPath" time="0.0030" />
  <testcase classname="com.sun.jersey.impl.uri.UriBuilderTest" name="testResourceWithTemplateRegexAppendPath" time="0.0020" />
  <testcase classname="com.sun.jersey.impl.uri.UriBuilderTest" name="testBuildTemplates" time="0.0010" />
  <testcase classname="com.sun.jersey.impl.uri.UriBuilderTest" name="testBuildFromMap" time="0.0010" />
  <testcase classname="com.sun.jersey.impl.uri.UriBuilderTest" name="testBuildQueryTemplates" time="0.0010" />
  <testcase classname="com.sun.jersey.impl.uri.UriBuilderTest" name="testBuildFromEncodedQueryTemplates" time="0.0" />
  <testcase classname="com.sun.jersey.impl.uri.UriBuilderTest" name="testBuildFragmentTemplates" time="0.0010" />
  <testcase classname="com.sun.jersey.impl.uri.UriBuilderTest" name="testTemplatesDefaultPort" time="0.0010" />
  <testcase classname="com.sun.jersey.impl.uri.UriBuilderTest" name="testClone" time="0.0" />
  <testcase classname="com.sun.jersey.impl.uri.UriBuilderTest" name="testIllegalArgumentException" time="0.0010" />
  <testcase classname="com.sun.jersey.impl.uri.UriBuilderTest" name="testVariableWithoutValue" time="0.0" />
  <testcase classname="com.sun.jersey.impl.uri.UriBuilderTest" name="testPortValue" time="0.0" />
  <testcase classname="com.sun.jersey.impl.uri.UriBuilderTest" name="testHostValue" time="0.0" />
  <system-out><![CDATA[]]></system-out>
  <system-err><![CDATA[]]></system-err>
</testsuite>
